{"level":"error"}
{"date":"Fri Apr 15 2022 01:34:16 GMT+0300 (שעון ישראל (קיץ))","error":{},"exception":true,"level":"error","message":"uncaughtException: Cannot read properties of undefined (reading 'status')\nTypeError: Cannot read properties of undefined (reading 'status')\n    at C:\\Users\\liora\\Desktop\\BigData-Final-Project\\Part-C\\bigML\\node_modules\\bigml\\lib\\BigML.js:222:59\n    at processTicksAndRejections (node:internal/process/task_queues:96:5)","os":{"loadavg":[0,0,0],"uptime":12422},"process":{"argv":["C:\\Program Files\\nodejs\\node.exe","C:\\Users\\liora\\Desktop\\BigData-Final-Project\\Part-C\\bigML\\predict.js"],"cwd":"C:\\Users\\liora\\Desktop\\BigData-Final-Project\\Part-C\\bigML","execPath":"C:\\Program Files\\nodejs\\node.exe","gid":null,"memoryUsage":{"arrayBuffers":309441,"external":1557089,"heapTotal":71204864,"heapUsed":40565080,"rss":100536320},"pid":8068,"uid":null,"version":"v16.14.0"},"stack":"TypeError: Cannot read properties of undefined (reading 'status')\n    at C:\\Users\\liora\\Desktop\\BigData-Final-Project\\Part-C\\bigML\\node_modules\\bigml\\lib\\BigML.js:222:59\n    at processTicksAndRejections (node:internal/process/task_queues:96:5)","trace":[{"column":59,"file":"C:\\Users\\liora\\Desktop\\BigData-Final-Project\\Part-C\\bigML\\node_modules\\bigml\\lib\\BigML.js","function":null,"line":222,"method":null,"native":false},{"column":5,"file":"node:internal/process/task_queues","function":"processTicksAndRejections","line":96,"method":null,"native":false}]}
{"level":"error","message":"Remote request failed: Error: Request failed with status code 401"}
{"level":"error","message":"Request processing error: Error: Request failed with status code 401"}
{"level":"error","message":"Retrying get for undefined (undefined).. "}
{"level":"error","message":"Remote request failed: Error: Request failed with status code 401"}
{"level":"error","message":"Request processing error: Error: Request failed with status code 401"}
{"level":"error","message":"Retrying get for undefined (undefined).. "}
{"level":"error","message":"Remote request failed: Error: Request failed with status code 401"}
{"level":"error","message":"Request processing error: Error: Request failed with status code 401"}
{"level":"error","message":"Retrying get for undefined (undefined).. "}
{"date":"Fri Apr 15 2022 12:15:36 GMT+0300 (שעון ישראל (קיץ))","error":{"code":"MODULE_NOT_FOUND","requireStack":["C:\\Users\\galov\\Desktop\\ofir\\third year\\BigData-Final-Project\\Part-C\\MongoDB\\mongoConnect.js","C:\\Users\\galov\\Desktop\\ofir\\third year\\BigData-Final-Project\\Part-C\\MongoDB\\createTable.js","C:\\Users\\galov\\Desktop\\ofir\\third year\\BigData-Final-Project\\Part-C\\MongoDB\\exportDB.js","C:\\Users\\galov\\Desktop\\ofir\\third year\\BigData-Final-Project\\Part-C\\bigML\\bml.js"]},"exception":true,"level":"error","message":"uncaughtException: Cannot find module 'mongoose'\nRequire stack:\n- C:\\Users\\galov\\Desktop\\ofir\\third year\\BigData-Final-Project\\Part-C\\MongoDB\\mongoConnect.js\n- C:\\Users\\galov\\Desktop\\ofir\\third year\\BigData-Final-Project\\Part-C\\MongoDB\\createTable.js\n- C:\\Users\\galov\\Desktop\\ofir\\third year\\BigData-Final-Project\\Part-C\\MongoDB\\exportDB.js\n- C:\\Users\\galov\\Desktop\\ofir\\third year\\BigData-Final-Project\\Part-C\\bigML\\bml.js\nError: Cannot find module 'mongoose'\nRequire stack:\n- C:\\Users\\galov\\Desktop\\ofir\\third year\\BigData-Final-Project\\Part-C\\MongoDB\\mongoConnect.js\n- C:\\Users\\galov\\Desktop\\ofir\\third year\\BigData-Final-Project\\Part-C\\MongoDB\\createTable.js\n- C:\\Users\\galov\\Desktop\\ofir\\third year\\BigData-Final-Project\\Part-C\\MongoDB\\exportDB.js\n- C:\\Users\\galov\\Desktop\\ofir\\third year\\BigData-Final-Project\\Part-C\\bigML\\bml.js\n    at Function.Module._resolveFilename (node:internal/modules/cjs/loader:933:15)\n    at Function.Module._load (node:internal/modules/cjs/loader:778:27)\n    at Module.require (node:internal/modules/cjs/loader:1005:19)\n    at require (node:internal/modules/cjs/helpers:102:18)\n    at Object.<anonymous> (C:\\Users\\galov\\Desktop\\ofir\\third year\\BigData-Final-Project\\Part-C\\MongoDB\\mongoConnect.js:1:18)\n    at Module._compile (node:internal/modules/cjs/loader:1103:14)\n    at Object.Module._extensions..js (node:internal/modules/cjs/loader:1157:10)\n    at Module.load (node:internal/modules/cjs/loader:981:32)\n    at Function.Module._load (node:internal/modules/cjs/loader:822:12)\n    at Module.require (node:internal/modules/cjs/loader:1005:19)","os":{"loadavg":[0,0,0],"uptime":38104},"process":{"argv":["C:\\Program Files\\nodejs\\node.exe","C:\\Users\\galov\\Desktop\\ofir\\third year\\BigData-Final-Project\\Part-C\\bigML\\bml.js"],"cwd":"C:\\Users\\galov\\Desktop\\ofir\\third year\\BigData-Final-Project\\Part-C\\bigML","execPath":"C:\\Program Files\\nodejs\\node.exe","gid":null,"memoryUsage":{"arrayBuffers":277371,"external":1412232,"heapTotal":69369856,"heapUsed":43782120,"rss":93368320},"pid":4228,"uid":null,"version":"v16.14.2"},"stack":"Error: Cannot find module 'mongoose'\nRequire stack:\n- C:\\Users\\galov\\Desktop\\ofir\\third year\\BigData-Final-Project\\Part-C\\MongoDB\\mongoConnect.js\n- C:\\Users\\galov\\Desktop\\ofir\\third year\\BigData-Final-Project\\Part-C\\MongoDB\\createTable.js\n- C:\\Users\\galov\\Desktop\\ofir\\third year\\BigData-Final-Project\\Part-C\\MongoDB\\exportDB.js\n- C:\\Users\\galov\\Desktop\\ofir\\third year\\BigData-Final-Project\\Part-C\\bigML\\bml.js\n    at Function.Module._resolveFilename (node:internal/modules/cjs/loader:933:15)\n    at Function.Module._load (node:internal/modules/cjs/loader:778:27)\n    at Module.require (node:internal/modules/cjs/loader:1005:19)\n    at require (node:internal/modules/cjs/helpers:102:18)\n    at Object.<anonymous> (C:\\Users\\galov\\Desktop\\ofir\\third year\\BigData-Final-Project\\Part-C\\MongoDB\\mongoConnect.js:1:18)\n    at Module._compile (node:internal/modules/cjs/loader:1103:14)\n    at Object.Module._extensions..js (node:internal/modules/cjs/loader:1157:10)\n    at Module.load (node:internal/modules/cjs/loader:981:32)\n    at Function.Module._load (node:internal/modules/cjs/loader:822:12)\n    at Module.require (node:internal/modules/cjs/loader:1005:19)","trace":[{"column":15,"file":"node:internal/modules/cjs/loader","function":"Module._resolveFilename","line":933,"method":"_resolveFilename","native":false},{"column":27,"file":"node:internal/modules/cjs/loader","function":"Module._load","line":778,"method":"_load","native":false},{"column":19,"file":"node:internal/modules/cjs/loader","function":"Module.require","line":1005,"method":"require","native":false},{"column":18,"file":"node:internal/modules/cjs/helpers","function":"require","line":102,"method":null,"native":false},{"column":18,"file":"C:\\Users\\galov\\Desktop\\ofir\\third year\\BigData-Final-Project\\Part-C\\MongoDB\\mongoConnect.js","function":null,"line":1,"method":null,"native":false},{"column":14,"file":"node:internal/modules/cjs/loader","function":"Module._compile","line":1103,"method":"_compile","native":false},{"column":10,"file":"node:internal/modules/cjs/loader","function":"Module._extensions..js","line":1157,"method":".js","native":false},{"column":32,"file":"node:internal/modules/cjs/loader","function":"Module.load","line":981,"method":"load","native":false},{"column":12,"file":"node:internal/modules/cjs/loader","function":"Module._load","line":822,"method":"_load","native":false},{"column":19,"file":"node:internal/modules/cjs/loader","function":"Module.require","line":1005,"method":"require","native":false}]}
{"level":"error","message":"Remote request failed: Error: Request failed with status code 404"}
{"level":"error","message":"Request processing error: Error: Request failed with status code 404"}
{"level":"error","message":"Retrying get for undefined (undefined).. "}
{"level":"error","message":"Remote request failed: Error: Request failed with status code 404"}
{"level":"error","message":"Request processing error: Error: Request failed with status code 404"}
{"level":"error","message":"Retrying get for undefined (undefined).. "}
{"level":"error","message":"Remote request failed: Error: Request failed with status code 404"}
{"level":"error","message":"Request processing error: Error: Request failed with status code 404"}
{"level":"error","message":"Retrying get for undefined (undefined).. "}
{"level":"error","message":"Remote request failed: Error: Request failed with status code 404"}
{"level":"error","message":"Request processing error: Error: Request failed with status code 404"}
{"level":"error","message":"Retrying get for undefined (undefined).. "}
{"level":"error","message":"Remote request failed: Error: Request failed with status code 404"}
{"level":"error","message":"Request processing error: Error: Request failed with status code 404"}
{"level":"error","message":"Retrying get for undefined (undefined).. "}
{"level":"error","message":"Remote request failed: Error: Request failed with status code 404"}
{"level":"error","message":"Request processing error: Error: Request failed with status code 404"}
{"level":"error","message":"Retrying get for undefined (undefined).. "}
{"level":"error","message":"Remote request failed: Error: Request failed with status code 404"}
{"level":"error","message":"Request processing error: Error: Request failed with status code 404"}
{"level":"error","message":"Retrying get for undefined (undefined).. "}
